<?xml version="1.0" encoding="UTF-8"?>
<testsuite xmlns:xsi="http://www.w3.org/2001/XMLSchema-instance" xsi:noNamespaceSchemaLocation="https://maven.apache.org/surefire/maven-surefire-plugin/xsd/surefire-test-report.xsd" name="MvcTest" time="27.213" tests="1" errors="1" skipped="0" failures="0">
  <properties>
[...]
</properties>
  <testcase name="testPage" classname="MvcTest" time="3.337">
    <error type="java.lang.NullPointerException">java.lang.NullPointerException
	at MvcTest.testPage(MvcTest.java:44)
</error>
    <system-err><![CDATA[七月 11, 2018 11:18:21 下午 org.springframework.test.context.support.AbstractTestContextBootstrapper getDefaultTestExecutionListenerClassNames
信息: Loaded default TestExecutionListener class names from location [META-INF/spring.factories]: [org.springframework.test.context.web.ServletTestExecutionListener, org.springframework.test.context.support.DirtiesContextBeforeModesTestExecutionListener, org.springframework.test.context.support.DependencyInjectionTestExecutionListener, org.springframework.test.context.support.DirtiesContextTestExecutionListener, org.springframework.test.context.transaction.TransactionalTestExecutionListener, org.springframework.test.context.jdbc.SqlScriptsTestExecutionListener]
七月 11, 2018 11:18:21 下午 org.springframework.test.context.support.AbstractTestContextBootstrapper getTestExecutionListeners
信息: Using TestExecutionListeners: [org.springframework.test.context.web.ServletTestExecutionListener@6ddf90b0, org.springframework.test.context.support.DirtiesContextBeforeModesTestExecutionListener@57536d79, org.springframework.test.context.support.DependencyInjectionTestExecutionListener@3b0143d3, org.springframework.test.context.support.DirtiesContextTestExecutionListener@5a8e6209, org.springframework.test.context.transaction.TransactionalTestExecutionListener@4b4523f8, org.springframework.test.context.jdbc.SqlScriptsTestExecutionListener@731a74c]
七月 11, 2018 11:18:23 下午 org.springframework.beans.factory.xml.XmlBeanDefinitionReader loadBeanDefinitions
信息: Loading XML bean definitions from URL [file:src/main/webapp/WEB-INF/applicationContext.xml]
七月 11, 2018 11:18:26 下午 org.springframework.beans.factory.xml.XmlBeanDefinitionReader loadBeanDefinitions
信息: Loading XML bean definitions from URL [file:src/main/webapp/WEB-INF/dispatchServlet-servlet.xml]
七月 11, 2018 11:18:27 下午 org.springframework.context.support.AbstractApplicationContext prepareRefresh
信息: Refreshing org.springframework.web.context.support.GenericWebApplicationContext@5f282abb: startup date [Wed Jul 11 23:18:27 CST 2018]; root of context hierarchy
七月 11, 2018 11:18:30 下午 com.mchange.v2.log.MLog <clinit>
信息: MLog clients using java 1.4+ standard logging.
七月 11, 2018 11:18:31 下午 com.mchange.v2.c3p0.C3P0Registry banner
信息: Initializing c3p0-0.9.1.2 [built 21-May-2007 15:04:56; debug? true; trace: 10]
七月 11, 2018 11:18:37 下午 org.springframework.web.servlet.handler.AbstractUrlHandlerMapping registerHandler
信息: Mapped URL path [/**] onto handler 'org.springframework.web.servlet.resource.DefaultServletHttpRequestHandler#0'
七月 11, 2018 11:18:37 下午 org.springframework.web.servlet.handler.AbstractHandlerMethodMapping$MappingRegistry register
信息: Mapped "{[/depts]}" onto public com.example.Beans.Message com.example.Controller.DepartmentController.getDepts()
七月 11, 2018 11:18:37 下午 org.springframework.web.servlet.handler.AbstractHandlerMethodMapping$MappingRegistry register
信息: Mapped "{[/emp/{ids}],methods=[DELETE]}" onto public com.example.Beans.Message com.example.Controller.HomeController.deleteEmp(java.lang.String)
七月 11, 2018 11:18:37 下午 org.springframework.web.servlet.handler.AbstractHandlerMethodMapping$MappingRegistry register
信息: Mapped "{[/],methods=[GET]}" onto public java.lang.String com.example.Controller.HomeController.home()
七月 11, 2018 11:18:37 下午 org.springframework.web.servlet.handler.AbstractHandlerMethodMapping$MappingRegistry register
信息: Mapped "{[/viewemps],methods=[GET]}" onto public java.lang.String com.example.Controller.HomeController.getEmps(java.lang.Integer,org.springframework.ui.Model)
七月 11, 2018 11:18:37 下午 org.springframework.web.servlet.handler.AbstractHandlerMethodMapping$MappingRegistry register
信息: Mapped "{[/checkuser]}" onto public com.example.Beans.Message com.example.Controller.HomeController.checkuser(java.lang.String)
七月 11, 2018 11:18:37 下午 org.springframework.web.servlet.handler.AbstractHandlerMethodMapping$MappingRegistry register
信息: Mapped "{[/emp],methods=[POST]}" onto public com.example.Beans.Message com.example.Controller.HomeController.saveEmp(com.example.Beans.Employee,org.springframework.validation.BindingResult)
七月 11, 2018 11:18:37 下午 org.springframework.web.servlet.handler.AbstractHandlerMethodMapping$MappingRegistry register
信息: Mapped "{[/emp/{id}],methods=[PUT]}" onto public com.example.Beans.Message com.example.Controller.HomeController.saveEmp(com.example.Beans.Employee)
七月 11, 2018 11:18:37 下午 org.springframework.web.servlet.handler.AbstractHandlerMethodMapping$MappingRegistry register
信息: Mapped "{[/emps]}" onto public com.example.Beans.Message com.example.Controller.HomeController.getEmpsWithJson(java.lang.Integer,org.springframework.ui.Model)
七月 11, 2018 11:18:37 下午 org.springframework.web.servlet.handler.AbstractHandlerMethodMapping$MappingRegistry register
信息: Mapped "{[/emp/{id}],methods=[GET]}" onto public com.example.Beans.Message com.example.Controller.HomeController.getEmp(java.lang.Integer)
七月 11, 2018 11:18:38 下午 org.hibernate.validator.internal.util.Version <clinit>
INFO: HV000001: Hibernate Validator 6.0.10.Final
七月 11, 2018 11:18:41 下午 org.springframework.web.servlet.mvc.method.annotation.RequestMappingHandlerAdapter initControllerAdviceCache
信息: Looking for @ControllerAdvice: org.springframework.web.context.support.GenericWebApplicationContext@5f282abb: startup date [Wed Jul 11 23:18:27 CST 2018]; root of context hierarchy
七月 11, 2018 11:18:41 下午 org.springframework.web.servlet.mvc.method.annotation.RequestMappingHandlerAdapter initControllerAdviceCache
信息: Looking for @ControllerAdvice: org.springframework.web.context.support.GenericWebApplicationContext@5f282abb: startup date [Wed Jul 11 23:18:27 CST 2018]; root of context hierarchy
七月 11, 2018 11:18:42 下午 org.springframework.mock.web.MockServletContext log
信息: Initializing Spring FrameworkServlet ''
七月 11, 2018 11:18:42 下午 org.springframework.web.servlet.FrameworkServlet initServletBean
信息: FrameworkServlet '': initialization started
七月 11, 2018 11:18:42 下午 org.springframework.web.servlet.FrameworkServlet initServletBean
信息: FrameworkServlet '': initialization completed in 23 ms
七月 11, 2018 11:18:43 下午 com.mchange.v2.c3p0.impl.AbstractPoolBackedDataSource getPoolManager
信息: Initializing c3p0 pool... com.mchange.v2.c3p0.ComboPooledDataSource [ acquireIncrement -> 3, acquireRetryAttempts -> 30, acquireRetryDelay -> 1000, autoCommitOnClose -> false, automaticTestTable -> null, breakAfterAcquireFailure -> false, checkoutTimeout -> 0, connectionCustomizerClassName -> null, connectionTesterClassName -> com.mchange.v2.c3p0.impl.DefaultConnectionTester, dataSourceName -> 1hge0yt9w129o1wr133rlhp|776a6d9b, debugUnreturnedConnectionStackTraces -> false, description -> null, driverClass -> com.mysql.jdbc.Driver, factoryClassLocation -> null, forceIgnoreUnresolvedTransactions -> false, identityToken -> 1hge0yt9w129o1wr133rlhp|776a6d9b, idleConnectionTestPeriod -> 0, initialPoolSize -> 3, jdbcUrl -> jdbc:mysql://localhost:3306/test?useSSL=false, maxAdministrativeTaskTime -> 0, maxConnectionAge -> 0, maxIdleTime -> 0, maxIdleTimeExcessConnections -> 0, maxPoolSize -> 15, maxStatements -> 0, maxStatementsPerConnection -> 0, minPoolSize -> 3, numHelperThreads -> 3, numThreadsAwaitingCheckoutDefaultUser -> 0, preferredTestQuery -> null, properties -> {user=******, password=******}, propertyCycle -> 0, testConnectionOnCheckin -> false, testConnectionOnCheckout -> false, unreturnedConnectionTimeout -> 0, usesTraditionalReflectiveProxies -> false ]
]]></system-err>
  </testcase>
</testsuite>