<?xml version="1.0" encoding="UTF-8"?>
<testsuite xmlns:xsi="http://www.w3.org/2001/XMLSchema-instance" xsi:noNamespaceSchemaLocation="https://maven.apache.org/surefire/maven-surefire-plugin/xsd/surefire-test-report.xsd" name="MvcTest" time="5.855" tests="1" errors="1" skipped="0" failures="0">
  <properties>
[...]
</properties>
  <testcase name="testPage" classname="MvcTest" time="1.08">
    <error type="java.lang.NullPointerException">java.lang.NullPointerException
	at MvcTest.testPage(MvcTest.java:44)
</error>
    <system-err><![CDATA[May 17, 2018 8:42:58 PM org.springframework.test.context.support.AbstractTestContextBootstrapper getDefaultTestExecutionListenerClassNames
INFO: Loaded default TestExecutionListener class names from location [META-INF/spring.factories]: [org.springframework.test.context.web.ServletTestExecutionListener, org.springframework.test.context.support.DirtiesContextBeforeModesTestExecutionListener, org.springframework.test.context.support.DependencyInjectionTestExecutionListener, org.springframework.test.context.support.DirtiesContextTestExecutionListener, org.springframework.test.context.transaction.TransactionalTestExecutionListener, org.springframework.test.context.jdbc.SqlScriptsTestExecutionListener]
May 17, 2018 8:42:58 PM org.springframework.test.context.support.AbstractTestContextBootstrapper getTestExecutionListeners
INFO: Using TestExecutionListeners: [org.springframework.test.context.web.ServletTestExecutionListener@146ba0ac, org.springframework.test.context.support.DirtiesContextBeforeModesTestExecutionListener@4dfa3a9d, org.springframework.test.context.support.DependencyInjectionTestExecutionListener@6eebc39e, org.springframework.test.context.support.DirtiesContextTestExecutionListener@464bee09, org.springframework.test.context.transaction.TransactionalTestExecutionListener@f6c48ac, org.springframework.test.context.jdbc.SqlScriptsTestExecutionListener@13deb50e]
May 17, 2018 8:42:58 PM org.springframework.beans.factory.xml.XmlBeanDefinitionReader loadBeanDefinitions
INFO: Loading XML bean definitions from URL [file:src/main/webapp/WEB-INF/applicationContext.xml]
May 17, 2018 8:42:59 PM org.springframework.beans.factory.xml.XmlBeanDefinitionReader loadBeanDefinitions
INFO: Loading XML bean definitions from URL [file:src/main/webapp/WEB-INF/dispatchServlet-servlet.xml]
May 17, 2018 8:42:59 PM org.springframework.context.support.AbstractApplicationContext prepareRefresh
INFO: Refreshing org.springframework.web.context.support.GenericWebApplicationContext@13a5fe33: startup date [Thu May 17 20:42:59 CST 2018]; root of context hierarchy
May 17, 2018 8:43:00 PM com.mchange.v2.log.MLog <clinit>
INFO: MLog clients using java 1.4+ standard logging.
May 17, 2018 8:43:00 PM com.mchange.v2.c3p0.C3P0Registry banner
INFO: Initializing c3p0-0.9.1.2 [built 21-May-2007 15:04:56; debug? true; trace: 10]
May 17, 2018 8:43:01 PM org.springframework.web.servlet.handler.AbstractUrlHandlerMapping registerHandler
INFO: Mapped URL path [/**] onto handler 'org.springframework.web.servlet.resource.DefaultServletHttpRequestHandler#0'
May 17, 2018 8:43:02 PM org.springframework.web.servlet.handler.AbstractHandlerMethodMapping$MappingRegistry register
INFO: Mapped "{[/emps]}" onto public com.github.pagehelper.PageInfo com.example.Controller.HomeController.getEmpsWithJson(java.lang.Integer,org.springframework.ui.Model)
May 17, 2018 8:43:02 PM org.springframework.web.servlet.handler.AbstractHandlerMethodMapping$MappingRegistry register
INFO: Mapped "{[/home],methods=[GET]}" onto public java.lang.String com.example.Controller.HomeController.home()
May 17, 2018 8:43:02 PM org.springframework.web.servlet.mvc.method.annotation.RequestMappingHandlerAdapter initControllerAdviceCache
INFO: Looking for @ControllerAdvice: org.springframework.web.context.support.GenericWebApplicationContext@13a5fe33: startup date [Thu May 17 20:42:59 CST 2018]; root of context hierarchy
May 17, 2018 8:43:02 PM org.springframework.web.servlet.mvc.method.annotation.RequestMappingHandlerAdapter initControllerAdviceCache
INFO: Looking for @ControllerAdvice: org.springframework.web.context.support.GenericWebApplicationContext@13a5fe33: startup date [Thu May 17 20:42:59 CST 2018]; root of context hierarchy
May 17, 2018 8:43:03 PM org.springframework.mock.web.MockServletContext log
INFO: Initializing Spring FrameworkServlet ''
May 17, 2018 8:43:03 PM org.springframework.web.servlet.FrameworkServlet initServletBean
INFO: FrameworkServlet '': initialization started
May 17, 2018 8:43:03 PM org.springframework.web.servlet.FrameworkServlet initServletBean
INFO: FrameworkServlet '': initialization completed in 43 ms
May 17, 2018 8:43:03 PM com.mchange.v2.c3p0.impl.AbstractPoolBackedDataSource getPoolManager
INFO: Initializing c3p0 pool... com.mchange.v2.c3p0.ComboPooledDataSource [ acquireIncrement -> 3, acquireRetryAttempts -> 30, acquireRetryDelay -> 1000, autoCommitOnClose -> false, automaticTestTable -> null, breakAfterAcquireFailure -> false, checkoutTimeout -> 0, connectionCustomizerClassName -> null, connectionTesterClassName -> com.mchange.v2.c3p0.impl.DefaultConnectionTester, dataSourceName -> 2v0fwz9vuk09u2122bkwj|1f9e9475, debugUnreturnedConnectionStackTraces -> false, description -> null, driverClass -> com.mysql.jdbc.Driver, factoryClassLocation -> null, forceIgnoreUnresolvedTransactions -> false, identityToken -> 2v0fwz9vuk09u2122bkwj|1f9e9475, idleConnectionTestPeriod -> 0, initialPoolSize -> 3, jdbcUrl -> jdbc:mysql://localhost:3306/test?useSSL=false, maxAdministrativeTaskTime -> 0, maxConnectionAge -> 0, maxIdleTime -> 0, maxIdleTimeExcessConnections -> 0, maxPoolSize -> 15, maxStatements -> 0, maxStatementsPerConnection -> 0, minPoolSize -> 3, numHelperThreads -> 3, numThreadsAwaitingCheckoutDefaultUser -> 0, preferredTestQuery -> null, properties -> {user=******, password=******}, propertyCycle -> 0, testConnectionOnCheckin -> false, testConnectionOnCheckout -> false, unreturnedConnectionTimeout -> 0, usesTraditionalReflectiveProxies -> false ]
]]></system-err>
  </testcase>
</testsuite>